<?xml version="1.0" encoding="UTF-8"?>
<!-- Generated by org.testng.reporters.JUnitXMLReporter -->
<testsuite ignored="0" hostname="DESKTOP-B94R4DD" failures="0" tests="3" name="Default test" time="55.45" errors="0" timestamp="2026-04-05T01:32:17 IST">
  <testcase classname="april04_TestNG.DataDrivenWirhDataProviderAnnotation" name="searchProd" time="15.191"/>
  <testcase classname="april04_TestNG.DataDrivenWirhDataProviderAnnotation" name="searchProd" time="14.454"/>
  <testcase classname="april04_TestNG.DataDrivenWirhDataProviderAnnotation" name="searchProd" time="14.462"/>
</testsuite> <!-- Default test -->
