<?xml version="1.0" encoding="UTF-8"?>
<!-- Generated by org.testng.reporters.JUnitXMLReporter -->
<testsuite ignored="4" hostname="DESKTOP-B94R4DD" failures="0" tests="1" name="Default test" time="18.199" errors="0" timestamp="2026-04-10T01:08:40 IST">
  <testcase classname="april09_TestNG.Tc001_StaticDropdown" name="amazonHomePageLinksPrint" time="14.608"/>
  <testcase classname="april09_TestNG.Tc001_StaticDropdown" name="amazonHomePageLinksCount" time="0.0">
    <ignored/>
  </testcase> <!-- amazonHomePageLinksCount -->
  <testcase classname="april09_TestNG.Tc001_StaticDropdown" name="staticDropdown_SelectByIndex" time="0.0">
    <ignored/>
  </testcase> <!-- staticDropdown_SelectByIndex -->
  <testcase classname="april09_TestNG.Tc001_StaticDropdown" name="staticDropdown_SelectByValue" time="0.0">
    <ignored/>
  </testcase> <!-- staticDropdown_SelectByValue -->
  <testcase classname="april09_TestNG.Tc001_StaticDropdown" name="staticDropdown_SelectBySendKeysAction" time="0.0">
    <ignored/>
  </testcase> <!-- staticDropdown_SelectBySendKeysAction -->
</testsuite> <!-- Default test -->
