<?xml version="1.0" encoding="UTF-8"?>
<testng-results ignored="0" total="3" passed="3" failed="0" skipped="0">
  <reporter-output>
  </reporter-output>
  <suite started-at="2026-04-05T01:31:22 IST" name="Default suite" finished-at="2026-04-05T01:32:17 IST" duration-ms="55450">
    <groups>
    </groups>
    <test started-at="2026-04-05T01:31:22 IST" name="Default test" finished-at="2026-04-05T01:32:17 IST" duration-ms="55450">
      <class name="april04_TestNG.DataDrivenWirhDataProviderAnnotation">
        <test-method is-config="true" signature="setup()[pri:0, instance:april04_TestNG.DataDrivenWirhDataProviderAnnotation@1f2586d6]" started-at="2026-04-05T01:31:25 IST" name="setup" finished-at="2026-04-05T01:31:28 IST" duration-ms="2802" status="PASS">
          <reporter-output>
          </reporter-output>
        </test-method> <!-- setup -->
        <test-method signature="searchProd(java.lang.String)[pri:0, instance:april04_TestNG.DataDrivenWirhDataProviderAnnotation@1f2586d6]" started-at="2026-04-05T01:31:28 IST" name="searchProd" data-provider="item" finished-at="2026-04-05T01:31:43 IST" duration-ms="15191" status="PASS">
          <params>
            <param index="0">
              <value>
                <![CDATA[pen]]>
              </value>
            </param>
          </params>
          <reporter-output>
          </reporter-output>
        </test-method> <!-- searchProd -->
        <test-method is-config="true" signature="tearDown()[pri:0, instance:april04_TestNG.DataDrivenWirhDataProviderAnnotation@1f2586d6]" started-at="2026-04-05T01:31:43 IST" name="tearDown" finished-at="2026-04-05T01:31:44 IST" duration-ms="831" status="PASS">
          <reporter-output>
          </reporter-output>
        </test-method> <!-- tearDown -->
        <test-method is-config="true" signature="setup()[pri:0, instance:april04_TestNG.DataDrivenWirhDataProviderAnnotation@1f2586d6]" started-at="2026-04-05T01:31:44 IST" name="setup" finished-at="2026-04-05T01:31:45 IST" duration-ms="1755" status="PASS">
          <reporter-output>
          </reporter-output>
        </test-method> <!-- setup -->
        <test-method signature="searchProd(java.lang.String)[pri:0, instance:april04_TestNG.DataDrivenWirhDataProviderAnnotation@1f2586d6]" started-at="2026-04-05T01:31:45 IST" name="searchProd" data-provider="item" finished-at="2026-04-05T01:32:00 IST" duration-ms="14454" status="PASS">
          <params>
            <param index="0">
              <value>
                <![CDATA[rubber]]>
              </value>
            </param>
          </params>
          <reporter-output>
          </reporter-output>
        </test-method> <!-- searchProd -->
        <test-method is-config="true" signature="tearDown()[pri:0, instance:april04_TestNG.DataDrivenWirhDataProviderAnnotation@1f2586d6]" started-at="2026-04-05T01:32:00 IST" name="tearDown" finished-at="2026-04-05T01:32:00 IST" duration-ms="615" status="PASS">
          <reporter-output>
          </reporter-output>
        </test-method> <!-- tearDown -->
        <test-method is-config="true" signature="setup()[pri:0, instance:april04_TestNG.DataDrivenWirhDataProviderAnnotation@1f2586d6]" started-at="2026-04-05T01:32:00 IST" name="setup" finished-at="2026-04-05T01:32:02 IST" duration-ms="1787" status="PASS">
          <reporter-output>
          </reporter-output>
        </test-method> <!-- setup -->
        <test-method signature="searchProd(java.lang.String)[pri:0, instance:april04_TestNG.DataDrivenWirhDataProviderAnnotation@1f2586d6]" started-at="2026-04-05T01:32:02 IST" name="searchProd" data-provider="item" finished-at="2026-04-05T01:32:17 IST" duration-ms="14462" status="PASS">
          <params>
            <param index="0">
              <value>
                <![CDATA[cutter]]>
              </value>
            </param>
          </params>
          <reporter-output>
          </reporter-output>
        </test-method> <!-- searchProd -->
        <test-method is-config="true" signature="tearDown()[pri:0, instance:april04_TestNG.DataDrivenWirhDataProviderAnnotation@1f2586d6]" started-at="2026-04-05T01:32:17 IST" name="tearDown" finished-at="2026-04-05T01:32:17 IST" duration-ms="547" status="PASS">
          <reporter-output>
          </reporter-output>
        </test-method> <!-- tearDown -->
      </class> <!-- april04_TestNG.DataDrivenWirhDataProviderAnnotation -->
    </test> <!-- Default test -->
  </suite> <!-- Default suite -->
</testng-results>
