<?xml version="1.0" encoding="UTF-8"?>
<testng-results ignored="0" total="3" passed="3" failed="0" skipped="0">
  <reporter-output>
  </reporter-output>
  <suite started-at="2026-05-01T14:26:17 IST" name="Default suite" finished-at="2026-05-01T14:26:34 IST" duration-ms="17149">
    <groups>
    </groups>
    <test started-at="2026-05-01T14:26:17 IST" name="Default test" finished-at="2026-05-01T14:26:34 IST" duration-ms="17149">
      <class name="april30_TestNG.MouseHoverAndKeyboardActions">
        <test-method is-config="true" signature="setup()[pri:0, instance:april30_TestNG.MouseHoverAndKeyboardActions@5f9edf14]" started-at="2026-05-01T14:26:17 IST" name="setup" finished-at="2026-05-01T14:26:23 IST" duration-ms="6246" status="PASS">
          <reporter-output>
          </reporter-output>
        </test-method> <!-- setup -->
        <test-method signature="mouseHoverAndRightClickActionOnInstagram()[pri:1, instance:april30_TestNG.MouseHoverAndKeyboardActions@5f9edf14]" started-at="2026-05-01T14:26:23 IST" name="mouseHoverAndRightClickActionOnInstagram" finished-at="2026-05-01T14:26:27 IST" duration-ms="3475" status="PASS">
          <reporter-output>
          </reporter-output>
        </test-method> <!-- mouseHoverAndRightClickActionOnInstagram -->
        <test-method signature="robotClass_KeyboardAction()[pri:2, instance:april30_TestNG.MouseHoverAndKeyboardActions@5f9edf14]" started-at="2026-05-01T14:26:27 IST" name="robotClass_KeyboardAction" finished-at="2026-05-01T14:26:28 IST" duration-ms="1152" status="PASS">
          <reporter-output>
          </reporter-output>
        </test-method> <!-- robotClass_KeyboardAction -->
        <test-method signature="windowHandles()[pri:3, instance:april30_TestNG.MouseHoverAndKeyboardActions@5f9edf14]" started-at="2026-05-01T14:26:28 IST" name="windowHandles" finished-at="2026-05-01T14:26:30 IST" duration-ms="2114" status="PASS">
          <reporter-output>
          </reporter-output>
        </test-method> <!-- windowHandles -->
        <test-method is-config="true" signature="tearDown()[pri:0, instance:april30_TestNG.MouseHoverAndKeyboardActions@5f9edf14]" started-at="2026-05-01T14:26:30 IST" name="tearDown" finished-at="2026-05-01T14:26:34 IST" duration-ms="3787" status="PASS">
          <reporter-output>
          </reporter-output>
        </test-method> <!-- tearDown -->
      </class> <!-- april30_TestNG.MouseHoverAndKeyboardActions -->
    </test> <!-- Default test -->
  </suite> <!-- Default suite -->
</testng-results>
