<?xml version="1.0" encoding="UTF-8"?>
<!-- Generated by org.testng.reporters.JUnitReportReporter -->
<testsuite hostname="DESKTOP-B94R4DD" failures="0" tests="3" name="april30_TestNG.MouseHoverAndKeyboardActions" time="6.741" errors="0" timestamp="2026-05-01T14:26:35 IST" skipped="0">
  <testcase classname="april30_TestNG.MouseHoverAndKeyboardActions" name="mouseHoverAndRightClickActionOnInstagram" time="3.475"/>
  <testcase classname="april30_TestNG.MouseHoverAndKeyboardActions" name="robotClass_KeyboardAction" time="1.152"/>
  <testcase classname="april30_TestNG.MouseHoverAndKeyboardActions" name="windowHandles" time="2.114"/>
</testsuite> <!-- april30_TestNG.MouseHoverAndKeyboardActions -->
