<?xml version="1.0" encoding="UTF-8"?>
<!-- Generated by org.testng.reporters.JUnitReportReporter -->
<testsuite hostname="DESKTOP-B94R4DD" failures="0" tests="2" name="april30_TestNG.DynamicSearchAndListDropdown" time="36.855" errors="0" timestamp="2026-05-01T13:03:03 IST" skipped="0">
  <testcase classname="april30_TestNG.DynamicSearchAndListDropdown" name="dynamicSearchAndListDropdown_Example2" time="18.435"/>
  <testcase classname="april30_TestNG.DynamicSearchAndListDropdown" name="dynamicSearchAndListDropdown_Example1" time="18.420"/>
</testsuite> <!-- april30_TestNG.DynamicSearchAndListDropdown -->
