<?xml version="1.0" encoding="UTF-8"?>
<!-- Generated by org.testng.reporters.JUnitReportReporter -->
<testsuite hostname="DESKTOP-B94R4DD" failures="0" tests="3" name="april18_TestNG.MouseHoverActions" time="5.629" errors="0" timestamp="2026-04-22T21:41:13 IST" skipped="0">
  <testcase classname="april18_TestNG.MouseHoverActions" name="mouseHoverRightClickAction" time="0.834"/>
  <testcase classname="april18_TestNG.MouseHoverActions" name="windowHandle" time="1.455"/>
  <testcase classname="april18_TestNG.MouseHoverActions" name="robotClass" time="3.340"/>
</testsuite> <!-- april18_TestNG.MouseHoverActions -->
