<?xml version="1.0" encoding="UTF-8"?>
<!-- Generated by org.testng.reporters.JUnitReportReporter -->
<testsuite hostname="DESKTOP-B94R4DD" failures="0" tests="3" name="april04_TestNG.DataDrivenWirhDataProviderAnnotation" time="52.444" errors="0" timestamp="2026-04-05T01:32:18 IST" skipped="0">
  <testcase classname="april04_TestNG.DataDrivenWirhDataProviderAnnotation" name="searchProd" time="17.048"/>
  <testcase classname="april04_TestNG.DataDrivenWirhDataProviderAnnotation" name="searchProd" time="18.540"/>
  <testcase classname="april04_TestNG.DataDrivenWirhDataProviderAnnotation" name="searchProd" time="16.856"/>
</testsuite> <!-- april04_TestNG.DataDrivenWirhDataProviderAnnotation -->
