<?xml version="1.0" encoding="UTF-8"?>
<!-- Generated by org.testng.reporters.JUnitReportReporter -->
<testsuite hostname="DESKTOP-B94R4DD" failures="0" tests="2" name="april04_TestNG.Testcase" time="58.614" errors="0" timestamp="2026-04-04T16:47:05 IST" skipped="0">
  <testcase classname="april04_TestNG.Testcase" name="tc005_DynamicSearch_DynamicClick" time="28.152"/>
  <testcase classname="april04_TestNG.Testcase" name="tc004_DynamicSearch_Index" time="30.462"/>
</testsuite> <!-- april04_TestNG.Testcase -->
