<?xml version="1.0" encoding="UTF-8"?>
<!-- Generated by org.testng.reporters.JUnitReportReporter -->
<testsuite hostname="DESKTOP-B94R4DD" failures="0" tests="3" name="april14_TestNG.MouseHoverRobotClassAndWindowHandles" time="7.944" errors="0" timestamp="2026-04-14T13:25:19 IST" skipped="0">
  <testcase classname="april14_TestNG.MouseHoverRobotClassAndWindowHandles" name="mouseHoverRightClickAction" time="0.561"/>
  <testcase classname="april14_TestNG.MouseHoverRobotClassAndWindowHandles" name="robotClass" time="1.268"/>
  <testcase classname="april14_TestNG.MouseHoverRobotClassAndWindowHandles" name="windowHandles" time="6.115"/>
</testsuite> <!-- april14_TestNG.MouseHoverRobotClassAndWindowHandles -->
