<?xml version="1.0" encoding="UTF-8"?>
<!-- Generated by org.testng.reporters.JUnitReportReporter -->
<testsuite hostname="DESKTOP-B94R4DD" failures="0" tests="5" name="april09_TestNG.Tc001_StaticDropdown" time="18.101" errors="0" timestamp="2026-04-10T01:08:40 IST" skipped="4">
  <testcase classname="april09_TestNG.Tc001_StaticDropdown" name="amazonHomePageLinksPrint" time="18.101"/>
  <testcase classname="april09_TestNG.Tc001_StaticDropdown" name="amazonHomePageLinksCount">
    <skipped/>
  </testcase> <!-- amazonHomePageLinksCount -->
  <testcase classname="april09_TestNG.Tc001_StaticDropdown" name="staticDropdown_SelectByIndex">
    <skipped/>
  </testcase> <!-- staticDropdown_SelectByIndex -->
  <testcase classname="april09_TestNG.Tc001_StaticDropdown" name="staticDropdown_SelectByValue">
    <skipped/>
  </testcase> <!-- staticDropdown_SelectByValue -->
  <testcase classname="april09_TestNG.Tc001_StaticDropdown" name="staticDropdown_SelectBySendKeysAction">
    <skipped/>
  </testcase> <!-- staticDropdown_SelectBySendKeysAction -->
</testsuite> <!-- april09_TestNG.Tc001_StaticDropdown -->
