<?xml version="1.0" encoding="UTF-8"?>
<!-- Generated by org.testng.reporters.JUnitReportReporter -->
<testsuite hostname="DESKTOP-B94R4DD" failures="0" tests="2" name="april19_TestNG.DynamicSearchAndListDropdown" time="50.340" errors="0" timestamp="2026-04-24T14:42:12 IST" skipped="0">
  <testcase classname="april19_TestNG.DynamicSearchAndListDropdown" name="example1_DynamicSearchAndListDropdown" time="30.623"/>
  <testcase classname="april19_TestNG.DynamicSearchAndListDropdown" name="example2_DynamicSearchAndListDropdown" time="19.717"/>
</testsuite> <!-- april19_TestNG.DynamicSearchAndListDropdown -->
