<?xml version="1.0" encoding="UTF-8"?>
<!-- Generated by org.testng.reporters.JUnitReportReporter -->
<testsuite hostname="DESKTOP-B94R4DD" failures="0" tests="3" name="april18_TestNG.StaticDropdown" time="38.087" errors="0" timestamp="2026-04-22T21:28:22 IST" skipped="0">
  <testcase classname="april18_TestNG.StaticDropdown" name="staticDropdownSelectByValue" time="11.980"/>
  <testcase classname="april18_TestNG.StaticDropdown" name="staticDropdownSelectByIndex" time="13.695"/>
  <testcase classname="april18_TestNG.StaticDropdown" name="staticDropdownSelectBySendKeysAction" time="12.412"/>
</testsuite> <!-- april18_TestNG.StaticDropdown -->
