<?xml version="1.0" encoding="UTF-8"?>
<!-- Generated by org.testng.reporters.JUnitReportReporter -->
<testsuite hostname="DESKTOP-B94R4DD" failures="0" tests="5" name="april04_TestNG.AmazonTestCase" time="89.612" errors="0" timestamp="2026-04-09T17:06:01 IST" skipped="0">
  <testcase classname="april04_TestNG.AmazonTestCase" name="tc004_DynamicSearch_Index" time="18.905"/>
  <testcase classname="april04_TestNG.AmazonTestCase" name="tc002_StaticDropdownSelectByIndex" time="11.257"/>
  <testcase classname="april04_TestNG.AmazonTestCase" name="tc005_DynamicSearch_DynamicClick" time="36.372"/>
  <testcase classname="april04_TestNG.AmazonTestCase" name="tc001_StaticDropdownSelectByValue" time="11.308"/>
  <testcase classname="april04_TestNG.AmazonTestCase" name="tc003_StaticDropdownSelectBySendKeys" time="11.770"/>
</testsuite> <!-- april04_TestNG.AmazonTestCase -->
