<?xml version="1.0" encoding="UTF-8"?>
<!-- Generated by org.testng.reporters.JUnitReportReporter -->
<testsuite hostname="DESKTOP-B94R4DD" failures="0" tests="2" name="april14_TestNG.DynamicSearchAndListDropdown" time="47.020" errors="0" timestamp="2026-04-14T13:52:48 IST" skipped="0">
  <testcase classname="april14_TestNG.DynamicSearchAndListDropdown" name="dynamicSearchAndListDropdrown" time="25.474"/>
  <testcase classname="april14_TestNG.DynamicSearchAndListDropdown" name="dynamicSearchAndList_Example2" time="21.546"/>
</testsuite> <!-- april14_TestNG.DynamicSearchAndListDropdown -->
