<?xml version="1.0" encoding="UTF-8"?>
<!-- Generated by org.testng.reporters.JUnitReportReporter -->
<testsuite hostname="DESKTOP-B94R4DD" failures="0" tests="3" name="april27_TestNG.MouseHoverAndKeyboredActions" time="4.439" errors="0" timestamp="2026-04-28T17:18:17 IST" skipped="0">
  <testcase classname="april27_TestNG.MouseHoverAndKeyboredActions" name="mouseHoverRightClickAction" time="0.957"/>
  <testcase classname="april27_TestNG.MouseHoverAndKeyboredActions" name="robotClass" time="1.325"/>
  <testcase classname="april27_TestNG.MouseHoverAndKeyboredActions" name="windowHandles" time="2.157"/>
</testsuite> <!-- april27_TestNG.MouseHoverAndKeyboredActions -->
