<?xml version="1.0" encoding="UTF-8"?>
<!-- Generated by org.testng.reporters.JUnitReportReporter -->
<testsuite hostname="DESKTOP-B94R4DD" failures="0" tests="3" name="april14_TestNG.StaticDropdown" time="33.203" errors="0" timestamp="2026-04-14T13:13:21 IST" skipped="0">
  <testcase classname="april14_TestNG.StaticDropdown" name="staticDropdownSelectByValue" time="11.276"/>
  <testcase classname="april14_TestNG.StaticDropdown" name="staticDropdownSelectByIndex" time="9.278"/>
  <testcase classname="april14_TestNG.StaticDropdown" name="staticDropdownSelectBySendKeysAction" time="12.649"/>
</testsuite> <!-- april14_TestNG.StaticDropdown -->
