<?xml version="1.0" encoding="UTF-8"?>
<!-- Generated by org.testng.reporters.JUnitReportReporter -->
<testsuite hostname="DESKTOP-B94R4DD" failures="0" tests="2" name="april03_TestNG.DynamicSearchAndListDropdown" time="34.832" errors="0" timestamp="2026-04-04T00:52:09 IST" skipped="0">
  <testcase classname="april03_TestNG.DynamicSearchAndListDropdown" name="dynamicSearchExample1" time="16.650"/>
  <testcase classname="april03_TestNG.DynamicSearchAndListDropdown" name="dynamicSearchExample2" time="18.182"/>
</testsuite> <!-- april03_TestNG.DynamicSearchAndListDropdown -->
