<?xml version="1.0" encoding="UTF-8"?>
<!-- Generated by org.testng.reporters.JUnitReportReporter -->
<testsuite hostname="DESKTOP-B94R4DD" failures="0" tests="2" name="april27_TestNG.DynamicSearchAndListDropdown" time="43.289" errors="0" timestamp="2026-04-28T17:06:11 IST" skipped="0">
  <testcase classname="april27_TestNG.DynamicSearchAndListDropdown" name="example2_DynamicSearchAndListDropdown" time="21.072"/>
  <testcase classname="april27_TestNG.DynamicSearchAndListDropdown" name="example1_DynamicSearchAndListDropdown" time="22.217"/>
</testsuite> <!-- april27_TestNG.DynamicSearchAndListDropdown -->
