<?xml version="1.0" encoding="UTF-8"?>
<!-- Generated by org.testng.reporters.JUnitReportReporter -->
<testsuite hostname="DESKTOP-B94R4DD" failures="0" tests="3" name="april19_TestNG.StaticDropdown" time="72.837" errors="0" timestamp="2026-04-24T15:18:22 IST" skipped="0">
  <testcase classname="april19_TestNG.StaticDropdown" name="staticDropdown_SelectByIndex" time="26.966"/>
  <testcase classname="april19_TestNG.StaticDropdown" name="staticDropdown_SelectBySendKeysAction" time="23.969"/>
  <testcase classname="april19_TestNG.StaticDropdown" name="staticDropdown_SelectByValue" time="21.902"/>
</testsuite> <!-- april19_TestNG.StaticDropdown -->
