<?xml version="1.0" encoding="UTF-8"?>
<!-- Generated by org.testng.reporters.JUnitReportReporter -->
<testsuite hostname="DESKTOP-B94R4DD" failures="0" tests="2" name="april18_TestNG.DynamicSearchAndListDropdown" time="41.166" errors="0" timestamp="2026-04-22T22:00:46 IST" skipped="0">
  <testcase classname="april18_TestNG.DynamicSearchAndListDropdown" name="example1_DynamicSearchAndListDropdown" time="19.356"/>
  <testcase classname="april18_TestNG.DynamicSearchAndListDropdown" name="example2_DynamicSearchAndListDropdown" time="21.810"/>
</testsuite> <!-- april18_TestNG.DynamicSearchAndListDropdown -->
