<?xml version="1.0" encoding="UTF-8"?>
<!-- Generated by org.testng.reporters.JUnitReportReporter -->
<testsuite hostname="DESKTOP-B94R4DD" failures="0" tests="3" name="april03_TestNG.MouseHoverRobotClassAndWindowHandles" time="3.278" errors="0" timestamp="2026-04-04T00:09:05 IST" skipped="0">
  <testcase classname="april03_TestNG.MouseHoverRobotClassAndWindowHandles" name="rightClickMouseHoverAction" time="0.654"/>
  <testcase classname="april03_TestNG.MouseHoverRobotClassAndWindowHandles" name="robotClass" time="1.119"/>
  <testcase classname="april03_TestNG.MouseHoverRobotClassAndWindowHandles" name="windowHandles" time="1.505"/>
</testsuite> <!-- april03_TestNG.MouseHoverRobotClassAndWindowHandles -->
