<?xml version="1.0" encoding="UTF-8"?>
<!-- Generated by org.testng.reporters.JUnitReportReporter -->
<testsuite hostname="DESKTOP-B94R4DD" failures="0" tests="3" name="april19_TestNG.MouseHoverActions" time="3.869" errors="0" timestamp="2026-04-24T16:12:16 IST" skipped="0">
  <testcase classname="april19_TestNG.MouseHoverActions" name="mouseHoverAction" time="0.410"/>
  <testcase classname="april19_TestNG.MouseHoverActions" name="robotClass" time="2.102"/>
  <testcase classname="april19_TestNG.MouseHoverActions" name="windowHandles" time="1.357"/>
</testsuite> <!-- april19_TestNG.MouseHoverActions -->
