<?xml version="1.0" encoding="UTF-8"?>
<!-- Generated by org.testng.reporters.JUnitReportReporter -->
<testsuite hostname="DESKTOP-B94R4DD" failures="0" tests="3" name="april30_TestNG.StaticDropdown" time="41.274" errors="0" timestamp="2026-05-01T12:47:51 IST" skipped="0">
  <testcase classname="april30_TestNG.StaticDropdown" name="staticDropdownSelectByValue" time="17.594"/>
  <testcase classname="april30_TestNG.StaticDropdown" name="staticDropdownSelectBySendKeysAction" time="10.758"/>
  <testcase classname="april30_TestNG.StaticDropdown" name="staticDropdownSelectByIndex" time="12.922"/>
</testsuite> <!-- april30_TestNG.StaticDropdown -->
