<?xml version="1.0" encoding="UTF-8"?>
<!-- Generated by org.testng.reporters.JUnitReportReporter -->
<testsuite hostname="DESKTOP-B94R4DD" failures="0" tests="3" name="april27_TestNG.StaticDropdown" time="49.302" errors="0" timestamp="2026-04-28T16:41:34 IST" skipped="0">
  <testcase classname="april27_TestNG.StaticDropdown" name="staticDropdownSelectByValue" time="25.087"/>
  <testcase classname="april27_TestNG.StaticDropdown" name="staticDropdownSelectByIndex" time="12.751"/>
  <testcase classname="april27_TestNG.StaticDropdown" name="statiDropdownSelectBySendKeysAction" time="11.464"/>
</testsuite> <!-- april27_TestNG.StaticDropdown -->
